<?xml version="1.0" encoding="utf-8"?><testsuites><testsuite errors="0" failures="0" hostname="ab98f7619a80" name="pytest" skipped="2" tests="29" time="0.161" timestamp="2020-09-12T15:53:12.901131"><testcase classname="test_demo_two.TestDemoTwo" name="test_params[1-2-3]" time="0.004"></testcase><testcase classname="test_demo_two.TestDemoTwo" name="test_params[4-5-9]" time="0.001"></testcase><testcase classname="test_demo_two.TestDemoTwo" name="test_add[4-4-1]" time="0.001"></testcase><testcase classname="test_demo_two.TestDemoTwo" name="test_add[4-4-2]" time="0.001"></testcase><testcase classname="test_demo_two.TestDemoTwo" name="test_add[4-4-3]" time="0.001"></testcase><testcase classname="test_demo_two.TestDemoTwo" name="test_add[4-4-4]" time="0.001"></testcase><testcase classname="test_demo_two.TestDemoTwo" name="test_add[4-5-1]" time="0.001"></testcase><testcase classname="test_demo_two.TestDemoTwo" name="test_add[4-5-2]" time="0.001"></testcase><testcase classname="test_demo_two.TestDemoTwo" name="test_add[4-5-3]" time="0.001"></testcase><testcase classname="test_demo_two.TestDemoTwo" name="test_add[4-5-4]" time="0.001"></testcase><testcase classname="test_demo_two.TestDemoTwo" name="test_add[4-6-1]" time="0.001"></testcase><testcase classname="test_demo_two.TestDemoTwo" name="test_add[4-6-2]" time="0.001"></testcase><testcase classname="test_demo_two.TestDemoTwo" name="test_add[4-6-3]" time="0.001"></testcase><testcase classname="test_demo_two.TestDemoTwo" name="test_add[4-6-4]" time="0.001"></testcase><testcase classname="test_demo_two.TestDemoTwo" name="test_add[10-4-1]" time="0.001"></testcase><testcase classname="test_demo_two.TestDemoTwo" name="test_add[10-4-2]" time="0.001"></testcase><testcase classname="test_demo_two.TestDemoTwo" name="test_add[10-4-3]" time="0.001"></testcase><testcase classname="test_demo_two.TestDemoTwo" name="test_add[10-4-4]" time="0.001"></testcase><testcase classname="test_demo_two.TestDemoTwo" name="test_add[10-5-1]" time="0.001"></testcase><testcase classname="test_demo_two.TestDemoTwo" name="test_add[10-5-2]" time="0.001"></testcase><testcase classname="test_demo_two.TestDemoTwo" name="test_add[10-5-3]" time="0.001"></testcase><testcase classname="test_demo_two.TestDemoTwo" name="test_add[10-5-4]" time="0.001"></testcase><testcase classname="test_demo_two.TestDemoTwo" name="test_add[10-6-1]" time="0.001"></testcase><testcase classname="test_demo_two.TestDemoTwo" name="test_add[10-6-2]" time="0.001"></testcase><testcase classname="test_demo_two.TestDemoTwo" name="test_add[10-6-3]" time="0.001"></testcase><testcase classname="test_demo_two.TestDemoTwo" name="test_add[10-6-4]" time="0.001"></testcase><testcase classname="test_demo_two.TestDemoTwo" name="test_skip[1-2]" time="0.000"><skipped message="错误参数" type="pytest.skip">/tmp/jenkins_home/klook_python/pytest_demo/test_demo_two.py:32: 错误参数</skipped></testcase><testcase classname="test_demo_two.TestDemoTwo" name="test_skipif" time="0.000"><skipped message="条件不满足" type="pytest.skip">/tmp/jenkins_home/klook_python/pytest_demo/test_demo_two.py:38: 条件不满足</skipped></testcase><testcase classname="test_demo_two.TestDemoTwo" name="test_xfail[12-13]" time="0.001"></testcase></testsuite></testsuites>